TN:
SF:app.js
FN:30,(anonymous_0)
FN:35,(anonymous_1)
FNF:2
FNH:2
FNDA:2,(anonymous_0)
FNDA:46,(anonymous_1)
DA:5,4
DA:6,4
DA:8,4
DA:10,4
DA:11,4
DA:12,4
DA:13,4
DA:15,4
DA:17,4
DA:19,4
DA:20,4
DA:21,4
DA:22,4
DA:24,4
DA:25,4
DA:26,4
DA:30,4
DA:31,2
DA:35,4
DA:36,46
DA:37,46
DA:38,46
DA:40,46
DA:45,4
LF:24
LH:24
BRDA:36,0,0,1
BRDA:36,0,1,45
BRDA:37,1,0,46
BRDA:37,1,1,17
BRF:4
BRH:4
end_of_record
TN:
SF:config.js
FN:13,getDatabaseUri
FNF:1
FNH:1
FNDA:18,getDatabaseUri
DA:5,9
DA:6,9
DA:8,9
DA:10,9
DA:14,18
DA:22,9
DA:24,9
DA:25,9
DA:26,9
DA:27,9
DA:28,9
DA:29,9
DA:31,9
LF:13
LH:13
BRDA:8,0,0,9
BRDA:8,0,1,8
BRDA:10,1,0,9
BRDA:10,1,1,8
BRDA:14,2,0,15
BRDA:14,2,1,3
BRDA:16,3,0,3
BRDA:16,3,1,1
BRDA:22,4,0,8
BRDA:22,4,1,1
BRF:10
BRH:10
end_of_record
TN:
SF:db.js
FNF:0
FNH:0
DA:5,6
DA:6,6
DA:8,6
DA:12,6
DA:14,6
LF:5
LH:5
BRF:0
BRH:0
end_of_record
TN:
SF:expressError.js
FN:8,(anonymous_0)
FN:18,(anonymous_1)
FN:26,(anonymous_2)
FN:34,(anonymous_3)
FN:42,(anonymous_4)
FNF:5
FNH:4
FNDA:44,(anonymous_0)
FNDA:12,(anonymous_1)
FNDA:14,(anonymous_2)
FNDA:18,(anonymous_3)
FNDA:0,(anonymous_4)
DA:9,44
DA:10,44
DA:11,44
DA:19,12
DA:27,14
DA:35,18
DA:43,0
DA:47,9
LF:8
LH:7
BRDA:18,0,0,2
BRDA:26,1,0,10
BRDA:34,2,0,0
BRDA:42,3,0,0
BRF:4
BRH:2
end_of_record
TN:
SF:helpers/getQueryValues.js
FN:10,getQueryValues
FNF:1
FNH:1
FNDA:15,getQueryValues
DA:3,6
DA:12,15
DA:13,2
DA:14,13
DA:15,6
DA:16,1
DA:21,12
DA:23,12
DA:25,12
DA:26,7
DA:27,7
DA:29,12
DA:30,7
DA:31,7
DA:33,12
DA:34,6
DA:35,6
DA:40,12
DA:44,12
DA:47,6
LF:20
LH:20
BRDA:12,0,0,2
BRDA:12,0,1,13
BRDA:12,1,0,15
BRDA:12,1,1,7
BRDA:12,1,2,5
BRDA:14,2,0,6
BRDA:14,2,1,7
BRDA:14,3,0,13
BRDA:14,3,1,8
BRDA:15,4,0,1
BRDA:15,4,1,5
BRDA:25,5,0,7
BRDA:25,5,1,5
BRDA:29,6,0,7
BRDA:29,6,1,5
BRDA:33,7,0,6
BRDA:33,7,1,6
BRDA:40,8,0,5
BRDA:40,8,1,7
BRF:19
BRH:19
end_of_record
TN:
SF:helpers/sql.js
FN:15,sqlForPartialUpdate
FN:21,(anonymous_1)
FNF:2
FNH:2
FNDA:12,sqlForPartialUpdate
FNDA:24,(anonymous_1)
DA:1,7
DA:16,12
DA:18,12
DA:21,9
DA:23,24
DA:27,9
DA:33,7
LF:7
LH:7
BRDA:18,0,0,3
BRDA:18,0,1,9
BRDA:23,1,0,24
BRDA:23,1,1,11
BRF:4
BRH:4
end_of_record
TN:
SF:helpers/tokens.js
FN:6,createToken
FNF:1
FNH:1
FNDA:13,createToken
DA:1,5
DA:2,5
DA:7,13
DA:10,13
DA:15,13
DA:18,5
LF:6
LH:6
BRDA:12,0,0,13
BRDA:12,0,1,8
BRF:2
BRH:2
end_of_record
TN:
SF:middleware/auth.js
FN:18,authenticateJWT
FN:40,ensureLoggedIn
FN:54,ensureAdmin
FN:65,ensureCurrentUserOrAdmin
FNF:4
FNH:4
FNDA:65,authenticateJWT
FNDA:12,ensureLoggedIn
FNDA:22,ensureAdmin
FNDA:15,ensureCurrentUserOrAdmin
DA:5,5
DA:6,5
DA:7,5
DA:20,65
DA:21,65
DA:22,65
DA:25,65
DA:26,35
DA:27,35
DA:29,64
DA:31,1
DA:41,12
DA:42,12
DA:43,9
DA:45,3
DA:55,22
DA:56,22
DA:57,7
DA:59,15
DA:61,7
DA:66,15
DA:67,12
DA:68,12
DA:69,12
DA:72,0
DA:73,0
DA:75,12
DA:79,5
LF:28
LH:26
BRDA:22,0,0,65
BRDA:22,0,1,64
BRDA:25,1,0,35
BRDA:25,1,1,30
BRDA:42,2,0,3
BRDA:42,2,1,9
BRDA:56,3,0,7
BRDA:56,3,1,15
BRDA:56,4,0,22
BRDA:56,4,1,20
BRDA:69,5,0,0
BRDA:69,5,1,0
BRDA:69,6,0,12
BRDA:69,6,1,12
BRF:14
BRH:12
end_of_record
TN:
SF:models/_testCommon.js
FN:6,commonBeforeAll
FN:33,commonBeforeEach
FN:37,commonAfterEach
FN:41,commonAfterAll
FNF:4
FNH:4
FNDA:2,commonBeforeAll
FNDA:32,commonBeforeEach
FNDA:32,commonAfterEach
FNDA:2,commonAfterAll
DA:1,2
DA:3,2
DA:4,2
DA:8,2
DA:10,2
DA:12,2
DA:18,2
DA:34,32
DA:38,32
DA:42,2
DA:46,2
LF:11
LH:11
BRF:0
BRH:0
end_of_record
TN:
SF:models/company.js
FN:20,(anonymous_0)
FN:58,(anonymous_1)
FN:78,(anonymous_2)
FN:108,(anonymous_3)
FN:135,(anonymous_4)
FN:151,(anonymous_5)
FNF:6
FNH:6
FNDA:13,(anonymous_0)
FNDA:3,(anonymous_1)
FNDA:5,(anonymous_2)
FNDA:6,(anonymous_3)
FNDA:4,(anonymous_4)
FNDA:14,(anonymous_5)
DA:3,5
DA:4,5
DA:5,5
DA:6,5
DA:21,13
DA:27,13
DA:28,1
DA:30,12
DA:48,12
DA:50,12
DA:59,3
DA:67,2
DA:79,5
DA:89,5
DA:91,5
DA:93,3
DA:109,6
DA:115,5
DA:117,5
DA:122,5
DA:123,5
DA:125,5
DA:127,3
DA:136,4
DA:142,4
DA:144,4
DA:153,14
DA:155,11
DA:166,11
DA:168,11
DA:170,10
DA:174,5
LF:32
LH:32
BRDA:27,0,0,1
BRDA:27,0,1,12
BRDA:91,1,0,2
BRDA:91,1,1,3
BRDA:125,2,0,2
BRDA:125,2,1,3
BRDA:144,3,0,2
BRDA:144,3,1,2
BRDA:168,4,0,1
BRDA:168,4,1,10
BRF:10
BRH:10
end_of_record
TN:
SF:models/user.js
FN:24,(anonymous_0)
FN:59,(anonymous_1)
FN:104,(anonymous_2)
FN:126,(anonymous_3)
FN:162,(anonymous_4)
FN:195,(anonymous_5)
FNF:6
FNH:6
FNDA:6,(anonymous_0)
FNDA:19,(anonymous_1)
FNDA:3,(anonymous_2)
FNDA:2,(anonymous_3)
FNDA:4,(anonymous_4)
FNDA:2,(anonymous_5)
DA:3,5
DA:4,5
DA:5,5
DA:10,5
DA:12,5
DA:26,6
DA:38,6
DA:40,6
DA:42,3
DA:43,3
DA:44,2
DA:45,2
DA:49,4
DA:61,19
DA:68,19
DA:69,1
DA:72,18
DA:74,18
DA:94,18
DA:96,18
DA:105,3
DA:115,2
DA:127,2
DA:138,2
DA:140,2
DA:142,1
DA:163,4
DA:164,1
DA:167,4
DA:174,3
DA:176,3
DA:184,3
DA:185,3
DA:187,3
DA:189,2
DA:190,2
DA:196,2
DA:203,2
DA:205,2
DA:210,5
LF:40
LH:40
BRDA:40,0,0,3
BRDA:40,0,1,3
BRDA:43,1,0,2
BRDA:43,1,1,1
BRDA:68,2,0,1
BRDA:68,2,1,18
BRDA:140,3,0,1
BRDA:140,3,1,1
BRDA:163,4,0,1
BRDA:163,4,1,3
BRDA:187,5,0,1
BRDA:187,5,1,2
BRDA:205,6,0,1
BRDA:205,6,1,1
BRF:14
BRH:14
end_of_record
TN:
SF:routes/_testCommon.js
FN:8,commonBeforeAll
FN:73,commonBeforeEach
FN:77,commonAfterEach
FN:81,commonAfterAll
FNF:4
FNH:4
FNDA:3,commonBeforeAll
FNDA:60,commonBeforeEach
FNDA:60,commonAfterEach
FNDA:3,commonAfterAll
DA:3,3
DA:4,3
DA:5,3
DA:6,3
DA:10,3
DA:12,3
DA:14,3
DA:22,3
DA:30,3
DA:39,3
DA:47,3
DA:55,3
DA:63,3
DA:74,60
DA:78,60
DA:82,3
DA:86,3
DA:87,3
DA:90,3
LF:19
LH:19
BRF:0
BRH:0
end_of_record
TN:
SF:routes/auth.js
FN:22,(anonymous_0)
FN:25,(anonymous_1)
FN:45,(anonymous_2)
FN:48,(anonymous_3)
FNF:4
FNH:4
FNDA:5,(anonymous_0)
FNDA:2,(anonymous_1)
FNDA:3,(anonymous_2)
FNDA:5,(anonymous_3)
DA:5,4
DA:7,4
DA:8,4
DA:9,4
DA:10,4
DA:11,4
DA:12,4
DA:13,4
DA:22,4
DA:23,5
DA:24,5
DA:25,2
DA:26,2
DA:29,3
DA:30,3
DA:31,1
DA:32,1
DA:45,4
DA:46,3
DA:47,3
DA:48,5
DA:49,2
DA:52,1
DA:53,1
DA:54,1
DA:58,4
LF:26
LH:26
BRDA:24,0,0,2
BRDA:24,0,1,3
BRDA:47,1,0,2
BRDA:47,1,1,1
BRF:4
BRH:4
end_of_record
TN:
SF:routes/companies.js
FN:27,(anonymous_0)
FN:30,(anonymous_1)
FN:49,(anonymous_2)
FN:67,(anonymous_3)
FN:83,(anonymous_4)
FN:86,(anonymous_5)
FN:99,(anonymous_6)
FNF:7
FNH:7
FNDA:3,(anonymous_0)
FNDA:3,(anonymous_1)
FNDA:10,(anonymous_2)
FNDA:3,(anonymous_3)
FNDA:4,(anonymous_4)
FNDA:2,(anonymous_5)
FNDA:2,(anonymous_6)
DA:5,4
DA:6,4
DA:8,4
DA:9,4
DA:10,4
DA:12,4
DA:13,4
DA:15,4
DA:27,4
DA:28,3
DA:29,3
DA:30,3
DA:31,2
DA:34,1
DA:35,1
DA:49,4
DA:50,10
DA:51,8
DA:52,5
DA:54,2
DA:55,1
DA:67,4
DA:68,3
DA:69,2
DA:83,4
DA:84,4
DA:85,4
DA:86,2
DA:87,2
DA:90,2
DA:91,1
DA:99,4
DA:100,2
DA:101,1
DA:105,4
LF:35
LH:35
BRDA:29,0,0,2
BRDA:29,0,1,1
BRDA:50,1,0,8
BRDA:50,1,1,2
BRDA:85,2,0,2
BRDA:85,2,1,2
BRF:6
BRH:6
end_of_record
TN:
SF:routes/users.js
FN:30,(anonymous_0)
FN:33,(anonymous_1)
FN:51,(anonymous_2)
FN:64,(anonymous_3)
FN:84,(anonymous_4)
FN:87,(anonymous_5)
FN:101,(anonymous_6)
FNF:7
FNH:3
FNDA:4,(anonymous_0)
FNDA:5,(anonymous_1)
FNDA:2,(anonymous_2)
FNDA:0,(anonymous_3)
FNDA:0,(anonymous_4)
FNDA:0,(anonymous_5)
FNDA:0,(anonymous_6)
DA:5,4
DA:7,4
DA:8,4
DA:9,4
DA:10,4
DA:11,4
DA:12,4
DA:13,4
DA:15,4
DA:30,4
DA:31,4
DA:32,4
DA:33,5
DA:34,2
DA:38,2
DA:39,2
DA:40,2
DA:51,4
DA:52,2
DA:53,1
DA:64,4
DA:66,0
DA:67,0
DA:69,0
DA:84,4
DA:85,0
DA:86,0
DA:87,0
DA:88,0
DA:91,0
DA:92,0
DA:101,4
DA:102,0
DA:103,0
DA:107,4
LF:35
LH:24
BRDA:32,0,0,2
BRDA:32,0,1,2
BRDA:86,1,0,0
BRDA:86,1,1,0
BRF:4
BRH:2
end_of_record
